<?xml version='1.0' encoding='UTF-8'?>
<testsuite hostname="tests-MacBook-Pro.local" name="conusviz.MarkerTests" tests="1" errors="0" failures="0" skipped="0" time="0.075" timestamp="2020-06-26T19:21:07">
                     <properties>
[...]
</properties>
                     <testcase classname="conusviz.MarkerTests" name="Marker.Constructor.Basic" time="0.075">
                                                 
                                               </testcase>
                     <system-out><![CDATA[]]></system-out>
                     <system-err><![CDATA[]]></system-err>
                   </testsuite>