<?xml version='1.0' encoding='UTF-8'?>
<testsuite hostname="tests-MacBook-Pro.local" name="conusviz.UnitTests" tests="2" errors="0" failures="1" skipped="0" time="0.102" timestamp="2020-06-22T22:52:03">
                     <properties>
[...]
</properties>
                     <testcase classname="conusviz.UnitTests" name="XY.Empty" time="0.094">
                                                 <failure message="&quot;...&quot;:{&quot;title&quot;:&quot;Chart&quot;,&quot;[showlegend&quot;:true,&quot;height&quot;:500,&quot;width&quot;:1000,&quot;xaxis&quot;:{&quot;title&quot;:&quot;x&quot;,&quot;showgrid&quot;:true,&quot;zeroline&quot;:true,&quot;showline&quot;:false},&quot;yaxis&quot;:{&quot;title&quot;:&quot;y&quot;,&quot;showgrid&quot;:true,&quot;zeroline&quot;:true,&quot;showline&quot;:fals]e}},&quot;config&quot;:{&quot;respo...&quot; did not equal &quot;...&quot;:{&quot;title&quot;:&quot;Chart&quot;,&quot;[legend&quot;:{&quot;showlegend&quot;:true,&quot;x&quot;:0,&quot;y&quot;:1},&quot;height&quot;:500,&quot;width&quot;:800,&quot;xaxis&quot;:{&quot;title&quot;:&quot;x&quot;,&quot;side&quot;:&quot;&quot;,&quot;overlaying&quot;:&quot;&quot;,&quot;showgrid&quot;:true,&quot;zeroline&quot;:false,&quot;showline&quot;:true},&quot;yaxis&quot;:{&quot;title&quot;:&quot;y&quot;,&quot;side&quot;:&quot;&quot;,&quot;overlaying&quot;:&quot;&quot;,&quot;showgrid&quot;:true,&quot;zeroline&quot;:false,&quot;showline&quot;:tru]e}},&quot;config&quot;:{&quot;respo...&quot;" type="org.scalatest.exceptions.TestFailedException">org.scalatest.exceptions.TestFailedException: &quot;...&quot;:{&quot;title&quot;:&quot;Chart&quot;,&quot;[showlegend&quot;:true,&quot;height&quot;:500,&quot;width&quot;:1000,&quot;xaxis&quot;:{&quot;title&quot;:&quot;x&quot;,&quot;showgrid&quot;:true,&quot;zeroline&quot;:true,&quot;showline&quot;:false},&quot;yaxis&quot;:{&quot;title&quot;:&quot;y&quot;,&quot;showgrid&quot;:true,&quot;zeroline&quot;:true,&quot;showline&quot;:fals]e}},&quot;config&quot;:{&quot;respo...&quot; did not equal &quot;...&quot;:{&quot;title&quot;:&quot;Chart&quot;,&quot;[legend&quot;:{&quot;showlegend&quot;:true,&quot;x&quot;:0,&quot;y&quot;:1},&quot;height&quot;:500,&quot;width&quot;:800,&quot;xaxis&quot;:{&quot;title&quot;:&quot;x&quot;,&quot;side&quot;:&quot;&quot;,&quot;overlaying&quot;:&quot;&quot;,&quot;showgrid&quot;:true,&quot;zeroline&quot;:false,&quot;showline&quot;:true},&quot;yaxis&quot;:{&quot;title&quot;:&quot;y&quot;,&quot;side&quot;:&quot;&quot;,&quot;overlaying&quot;:&quot;&quot;,&quot;showgrid&quot;:true,&quot;zeroline&quot;:false,&quot;showline&quot;:tru]e}},&quot;config&quot;:{&quot;respo...&quot;
	at org.scalatest.Assertions.newAssertionFailedException(Assertions.scala:472)
	at org.scalatest.Assertions.newAssertionFailedException$(Assertions.scala:471)
	at org.scalatest.Assertions$.newAssertionFailedException(Assertions.scala:1231)
	at org.scalatest.Assertions$AssertionsHelper.macroAssert(Assertions.scala:1295)
	at conusviz.UnitTests.$anonfun$new$1(UnitTests.scala:61)
	at org.scalatest.OutcomeOf.outcomeOf(OutcomeOf.scala:85)
	at org.scalatest.OutcomeOf.outcomeOf$(OutcomeOf.scala:83)
	at org.scalatest.OutcomeOf$.outcomeOf(OutcomeOf.scala:104)
	at org.scalatest.Transformer.apply(Transformer.scala:22)
	at org.scalatest.Transformer.apply(Transformer.scala:20)
	at org.scalatest.funsuite.AnyFunSuiteLike$$anon$1.apply(AnyFunSuiteLike.scala:189)
	at org.scalatest.TestSuite.withFixture(TestSuite.scala:196)
	at org.scalatest.TestSuite.withFixture$(TestSuite.scala:195)
	at org.scalatest.funsuite.AnyFunSuite.withFixture(AnyFunSuite.scala:1562)
	at org.scalatest.funsuite.AnyFunSuiteLike.invokeWithFixture$1(AnyFunSuiteLike.scala:187)
	at org.scalatest.funsuite.AnyFunSuiteLike.$anonfun$runTest$1(AnyFunSuiteLike.scala:199)
	at org.scalatest.SuperEngine.runTestImpl(Engine.scala:306)
	at org.scalatest.funsuite.AnyFunSuiteLike.runTest(AnyFunSuiteLike.scala:199)
	at org.scalatest.funsuite.AnyFunSuiteLike.runTest$(AnyFunSuiteLike.scala:181)
	at org.scalatest.funsuite.AnyFunSuite.runTest(AnyFunSuite.scala:1562)
	at org.scalatest.funsuite.AnyFunSuiteLike.$anonfun$runTests$1(AnyFunSuiteLike.scala:232)
	at org.scalatest.SuperEngine.$anonfun$runTestsInBranch$1(Engine.scala:413)
	at scala.collection.immutable.List.foreach(List.scala:333)
	at org.scalatest.SuperEngine.traverseSubNodes$1(Engine.scala:401)
	at org.scalatest.SuperEngine.runTestsInBranch(Engine.scala:396)
	at org.scalatest.SuperEngine.runTestsImpl(Engine.scala:475)
	at org.scalatest.funsuite.AnyFunSuiteLike.runTests(AnyFunSuiteLike.scala:232)
	at org.scalatest.funsuite.AnyFunSuiteLike.runTests$(AnyFunSuiteLike.scala:231)
	at org.scalatest.funsuite.AnyFunSuite.runTests(AnyFunSuite.scala:1562)
	at org.scalatest.Suite.run(Suite.scala:1112)
	at org.scalatest.Suite.run$(Suite.scala:1094)
	at org.scalatest.funsuite.AnyFunSuite.org$scalatest$funsuite$AnyFunSuiteLike$$super$run(AnyFunSuite.scala:1562)
	at org.scalatest.funsuite.AnyFunSuiteLike.$anonfun$run$1(AnyFunSuiteLike.scala:236)
	at org.scalatest.SuperEngine.runImpl(Engine.scala:535)
	at org.scalatest.funsuite.AnyFunSuiteLike.run(AnyFunSuiteLike.scala:236)
	at org.scalatest.funsuite.AnyFunSuiteLike.run$(AnyFunSuiteLike.scala:235)
	at org.scalatest.funsuite.AnyFunSuite.run(AnyFunSuite.scala:1562)
	at org.scalatest.tools.Framework.org$scalatest$tools$Framework$$runSuite(Framework.scala:318)
	at org.scalatest.tools.Framework$ScalaTestTask.execute(Framework.scala:513)
	at sbt.TestRunner.runTest$1(TestFramework.scala:139)
	at sbt.TestRunner.run(TestFramework.scala:154)
	at sbt.TestFramework$$anon$3$$anonfun$$lessinit$greater$1.$anonfun$apply$1(TestFramework.scala:317)
	at sbt.TestFramework$.sbt$TestFramework$$withContextLoader(TestFramework.scala:277)
	at sbt.TestFramework$$anon$3$$anonfun$$lessinit$greater$1.apply(TestFramework.scala:317)
	at sbt.TestFramework$$anon$3$$anonfun$$lessinit$greater$1.apply(TestFramework.scala:317)
	at sbt.TestFunction.apply(TestFramework.scala:329)
	at sbt.Tests$.$anonfun$toTask$1(Tests.scala:311)
	at sbt.std.Transform$$anon$3.$anonfun$apply$2(Transform.scala:46)
	at sbt.std.Transform$$anon$4.work(Transform.scala:67)
	at sbt.Execute.$anonfun$submit$2(Execute.scala:281)
	at sbt.internal.util.ErrorHandling$.wideConvert(ErrorHandling.scala:19)
	at sbt.Execute.work(Execute.scala:290)
	at sbt.Execute.$anonfun$submit$1(Execute.scala:281)
	at sbt.ConcurrentRestrictions$$anon$4.$anonfun$submitValid$1(ConcurrentRestrictions.scala:178)
	at sbt.CompletionService$$anon$2.call(CompletionService.scala:37)
	at java.base/java.util.concurrent.FutureTask.run(FutureTask.java:264)
	at java.base/java.util.concurrent.Executors$RunnableAdapter.call(Executors.java:515)
	at java.base/java.util.concurrent.FutureTask.run(FutureTask.java:264)
	at java.base/java.util.concurrent.ThreadPoolExecutor.runWorker(ThreadPoolExecutor.java:1130)
	at java.base/java.util.concurrent.ThreadPoolExecutor$Worker.run(ThreadPoolExecutor.java:630)
	at java.base/java.lang.Thread.run(Thread.java:832)
</failure>
                                               </testcase><testcase classname="conusviz.UnitTests" name="XY.Axis.Composition" time="0.008">
                                                 
                                               </testcase>
                     <system-out><![CDATA[]]></system-out>
                     <system-err><![CDATA[]]></system-err>
                   </testsuite>