<?xml version='1.0' encoding='UTF-8'?>
<testsuite hostname="fazis-MacBook-Pro.local" name="org.carbonateresearch.picta.AxisTests" tests="1" errors="0" failures="0" skipped="0" time="0.0" timestamp="2020-07-19T22:19:18">
                     <properties>
[...]
</properties>
                     <testcase classname="org.carbonateresearch.picta.AxisTests" name="Axis.Constructor" time="0.0">
                                                 
                                               </testcase>
                     <system-out><![CDATA[]]></system-out>
                     <system-err><![CDATA[]]></system-err>
                   </testsuite>